2018-06-22 00:11:58|main|INFO| Loaded default TestExecutionListener class names from location [META-INF/spring.factories]: [org.springframework.test.context.web.ServletTestExecutionListener, org.springframework.test.context.support.DirtiesContextBeforeModesTestExecutionListener, org.springframework.test.context.support.DependencyInjectionTestExecutionListener, org.springframework.test.context.support.DirtiesContextTestExecutionListener, org.springframework.test.context.transaction.TransactionalTestExecutionListener, org.springframework.test.context.jdbc.SqlScriptsTestExecutionListener] |org.springframework.test.context.support.DefaultTestContextBootstrapper:258
2018-06-22 00:11:58|main|INFO| Using TestExecutionListeners: [org.springframework.test.context.web.ServletTestExecutionListener@304bb45b, org.springframework.test.context.support.DirtiesContextBeforeModesTestExecutionListener@723ca036, org.springframework.test.context.support.DependencyInjectionTestExecutionListener@25be7b63, org.springframework.test.context.support.DirtiesContextTestExecutionListener@28dcca0c, org.springframework.test.context.transaction.TransactionalTestExecutionListener@45d84a20, org.springframework.test.context.jdbc.SqlScriptsTestExecutionListener@52f27fbd] |org.springframework.test.context.support.DefaultTestContextBootstrapper:185
2018-06-22 00:11:58|main|INFO| Loading XML bean definitions from class path resource [spring/applicationContext.xml] |org.springframework.beans.factory.xml.XmlBeanDefinitionReader:317
2018-06-22 00:12:02|main|INFO| Refreshing org.springframework.context.support.GenericApplicationContext@1e4f4a5c: startup date [Fri Jun 22 00:12:02 CST 2018]; root of context hierarchy |org.springframework.context.support.GenericApplicationContext:578
2018-06-22 00:12:03|main|INFO| Loading properties file from class path resource [properties/jdbc.properties] |org.springframework.context.support.PropertySourcesPlaceholderConfigurer:172
2018-06-22 00:12:03|main|INFO| Mapped "{[/login/login]}" onto public java.util.Map<java.lang.String, java.lang.Object> com.bingo.springmvc.controller.LoginController.login(javax.servlet.http.HttpServletRequest,javax.servlet.http.HttpServletResponse) |org.springframework.web.servlet.mvc.method.annotation.RequestMappingHandlerMapping:534
2018-06-22 00:12:03|main|INFO| Looking for @ControllerAdvice: org.springframework.context.support.GenericApplicationContext@1e4f4a5c: startup date [Fri Jun 22 00:12:02 CST 2018]; root of context hierarchy |org.springframework.web.servlet.mvc.method.annotation.RequestMappingHandlerAdapter:539
2018-06-22 00:12:03|main|INFO| Looking for @ControllerAdvice: org.springframework.context.support.GenericApplicationContext@1e4f4a5c: startup date [Fri Jun 22 00:12:02 CST 2018]; root of context hierarchy |org.springframework.web.servlet.mvc.method.annotation.RequestMappingHandlerAdapter:539
2018-06-22 00:12:03|main|INFO| Mapped URL path [/images/**] onto handler 'org.springframework.web.servlet.resource.ResourceHttpRequestHandler#0' |org.springframework.web.servlet.handler.SimpleUrlHandlerMapping:341
2018-06-22 00:12:03|main|INFO| Mapped URL path [/css/**] onto handler 'org.springframework.web.servlet.resource.ResourceHttpRequestHandler#1' |org.springframework.web.servlet.handler.SimpleUrlHandlerMapping:341
2018-06-22 00:12:03|main|INFO| Mapped URL path [/js/**] onto handler 'org.springframework.web.servlet.resource.ResourceHttpRequestHandler#2' |org.springframework.web.servlet.handler.SimpleUrlHandlerMapping:341
2018-06-22 00:12:03|main|INFO| Mapped URL path [/styles/**] onto handler 'org.springframework.web.servlet.resource.ResourceHttpRequestHandler#3' |org.springframework.web.servlet.handler.SimpleUrlHandlerMapping:341
2018-06-22 00:12:03|main|INFO| Mapped URL path [/plugins/**] onto handler 'org.springframework.web.servlet.resource.ResourceHttpRequestHandler#4' |org.springframework.web.servlet.handler.SimpleUrlHandlerMapping:341
2018-06-22 00:12:03|main|INFO| Looking for @ControllerAdvice: org.springframework.context.support.GenericApplicationContext@1e4f4a5c: startup date [Fri Jun 22 00:12:02 CST 2018]; root of context hierarchy |org.springframework.web.servlet.mvc.method.annotation.RequestMappingHandlerAdapter:539
2018-06-22 00:12:03|main|INFO| {dataSource-1} inited |com.alibaba.druid.pool.DruidDataSource:655
2018-06-22 00:13:28|main|INFO| Loaded default TestExecutionListener class names from location [META-INF/spring.factories]: [org.springframework.test.context.web.ServletTestExecutionListener, org.springframework.test.context.support.DirtiesContextBeforeModesTestExecutionListener, org.springframework.test.context.support.DependencyInjectionTestExecutionListener, org.springframework.test.context.support.DirtiesContextTestExecutionListener, org.springframework.test.context.transaction.TransactionalTestExecutionListener, org.springframework.test.context.jdbc.SqlScriptsTestExecutionListener] |org.springframework.test.context.support.DefaultTestContextBootstrapper:258
2018-06-22 00:13:28|main|INFO| Using TestExecutionListeners: [org.springframework.test.context.web.ServletTestExecutionListener@304bb45b, org.springframework.test.context.support.DirtiesContextBeforeModesTestExecutionListener@723ca036, org.springframework.test.context.support.DependencyInjectionTestExecutionListener@25be7b63, org.springframework.test.context.support.DirtiesContextTestExecutionListener@28dcca0c, org.springframework.test.context.transaction.TransactionalTestExecutionListener@45d84a20, org.springframework.test.context.jdbc.SqlScriptsTestExecutionListener@52f27fbd] |org.springframework.test.context.support.DefaultTestContextBootstrapper:185
2018-06-22 00:13:28|main|INFO| Loading XML bean definitions from class path resource [spring/applicationContext.xml] |org.springframework.beans.factory.xml.XmlBeanDefinitionReader:317
2018-06-22 00:13:32|main|INFO| Refreshing org.springframework.context.support.GenericApplicationContext@1e4f4a5c: startup date [Fri Jun 22 00:13:32 CST 2018]; root of context hierarchy |org.springframework.context.support.GenericApplicationContext:578
2018-06-22 00:13:32|main|INFO| Loading properties file from class path resource [properties/jdbc.properties] |org.springframework.context.support.PropertySourcesPlaceholderConfigurer:172
2018-06-22 00:13:32|main|INFO| Mapped "{[/login/login]}" onto public java.util.Map<java.lang.String, java.lang.Object> com.bingo.springmvc.controller.LoginController.login(javax.servlet.http.HttpServletRequest,javax.servlet.http.HttpServletResponse) |org.springframework.web.servlet.mvc.method.annotation.RequestMappingHandlerMapping:534
2018-06-22 00:13:33|main|INFO| Looking for @ControllerAdvice: org.springframework.context.support.GenericApplicationContext@1e4f4a5c: startup date [Fri Jun 22 00:13:32 CST 2018]; root of context hierarchy |org.springframework.web.servlet.mvc.method.annotation.RequestMappingHandlerAdapter:539
2018-06-22 00:13:33|main|INFO| Looking for @ControllerAdvice: org.springframework.context.support.GenericApplicationContext@1e4f4a5c: startup date [Fri Jun 22 00:13:32 CST 2018]; root of context hierarchy |org.springframework.web.servlet.mvc.method.annotation.RequestMappingHandlerAdapter:539
2018-06-22 00:13:33|main|INFO| Mapped URL path [/images/**] onto handler 'org.springframework.web.servlet.resource.ResourceHttpRequestHandler#0' |org.springframework.web.servlet.handler.SimpleUrlHandlerMapping:341
2018-06-22 00:13:33|main|INFO| Mapped URL path [/css/**] onto handler 'org.springframework.web.servlet.resource.ResourceHttpRequestHandler#1' |org.springframework.web.servlet.handler.SimpleUrlHandlerMapping:341
2018-06-22 00:13:33|main|INFO| Mapped URL path [/js/**] onto handler 'org.springframework.web.servlet.resource.ResourceHttpRequestHandler#2' |org.springframework.web.servlet.handler.SimpleUrlHandlerMapping:341
2018-06-22 00:13:33|main|INFO| Mapped URL path [/styles/**] onto handler 'org.springframework.web.servlet.resource.ResourceHttpRequestHandler#3' |org.springframework.web.servlet.handler.SimpleUrlHandlerMapping:341
2018-06-22 00:13:33|main|INFO| Mapped URL path [/plugins/**] onto handler 'org.springframework.web.servlet.resource.ResourceHttpRequestHandler#4' |org.springframework.web.servlet.handler.SimpleUrlHandlerMapping:341
2018-06-22 00:13:33|main|INFO| Looking for @ControllerAdvice: org.springframework.context.support.GenericApplicationContext@1e4f4a5c: startup date [Fri Jun 22 00:13:32 CST 2018]; root of context hierarchy |org.springframework.web.servlet.mvc.method.annotation.RequestMappingHandlerAdapter:539
2018-06-22 00:13:33|main|INFO| {dataSource-1} inited |com.alibaba.druid.pool.DruidDataSource:655
2018-06-22 00:21:09|main|INFO| Loaded default TestExecutionListener class names from location [META-INF/spring.factories]: [org.springframework.test.context.web.ServletTestExecutionListener, org.springframework.test.context.support.DirtiesContextBeforeModesTestExecutionListener, org.springframework.test.context.support.DependencyInjectionTestExecutionListener, org.springframework.test.context.support.DirtiesContextTestExecutionListener, org.springframework.test.context.transaction.TransactionalTestExecutionListener, org.springframework.test.context.jdbc.SqlScriptsTestExecutionListener] |org.springframework.test.context.support.DefaultTestContextBootstrapper:258
2018-06-22 00:21:09|main|INFO| Using TestExecutionListeners: [org.springframework.test.context.web.ServletTestExecutionListener@304bb45b, org.springframework.test.context.support.DirtiesContextBeforeModesTestExecutionListener@723ca036, org.springframework.test.context.support.DependencyInjectionTestExecutionListener@25be7b63, org.springframework.test.context.support.DirtiesContextTestExecutionListener@28dcca0c, org.springframework.test.context.transaction.TransactionalTestExecutionListener@45d84a20, org.springframework.test.context.jdbc.SqlScriptsTestExecutionListener@52f27fbd] |org.springframework.test.context.support.DefaultTestContextBootstrapper:185
2018-06-22 00:21:09|main|INFO| Loading XML bean definitions from class path resource [spring/applicationContext.xml] |org.springframework.beans.factory.xml.XmlBeanDefinitionReader:317
2018-06-22 00:21:12|main|INFO| Refreshing org.springframework.context.support.GenericApplicationContext@1e4f4a5c: startup date [Fri Jun 22 00:21:12 CST 2018]; root of context hierarchy |org.springframework.context.support.GenericApplicationContext:578
2018-06-22 00:21:12|main|INFO| Loading properties file from class path resource [properties/jdbc.properties] |org.springframework.context.support.PropertySourcesPlaceholderConfigurer:172
2018-06-22 00:21:15|main|INFO| {dataSource-1} inited |com.alibaba.druid.pool.DruidDataSource:655
2018-06-22 00:21:17|main|INFO| {dataSource-2} inited |com.alibaba.druid.pool.DruidDataSource:655
2018-06-22 00:21:37|main|INFO| Loaded default TestExecutionListener class names from location [META-INF/spring.factories]: [org.springframework.test.context.web.ServletTestExecutionListener, org.springframework.test.context.support.DirtiesContextBeforeModesTestExecutionListener, org.springframework.test.context.support.DependencyInjectionTestExecutionListener, org.springframework.test.context.support.DirtiesContextTestExecutionListener, org.springframework.test.context.transaction.TransactionalTestExecutionListener, org.springframework.test.context.jdbc.SqlScriptsTestExecutionListener] |org.springframework.test.context.support.DefaultTestContextBootstrapper:258
2018-06-22 00:21:37|main|INFO| Using TestExecutionListeners: [org.springframework.test.context.web.ServletTestExecutionListener@304bb45b, org.springframework.test.context.support.DirtiesContextBeforeModesTestExecutionListener@723ca036, org.springframework.test.context.support.DependencyInjectionTestExecutionListener@25be7b63, org.springframework.test.context.support.DirtiesContextTestExecutionListener@28dcca0c, org.springframework.test.context.transaction.TransactionalTestExecutionListener@45d84a20, org.springframework.test.context.jdbc.SqlScriptsTestExecutionListener@52f27fbd] |org.springframework.test.context.support.DefaultTestContextBootstrapper:185
2018-06-22 00:21:37|main|INFO| Loading XML bean definitions from class path resource [spring/applicationContext.xml] |org.springframework.beans.factory.xml.XmlBeanDefinitionReader:317
2018-06-22 00:21:39|main|INFO| Refreshing org.springframework.context.support.GenericApplicationContext@1e4f4a5c: startup date [Fri Jun 22 00:21:39 CST 2018]; root of context hierarchy |org.springframework.context.support.GenericApplicationContext:578
2018-06-22 00:21:40|main|INFO| Loading properties file from class path resource [properties/jdbc.properties] |org.springframework.context.support.PropertySourcesPlaceholderConfigurer:172
2018-06-22 00:21:42|main|INFO| {dataSource-1} inited |com.alibaba.druid.pool.DruidDataSource:655
2018-06-22 00:21:44|main|INFO| {dataSource-2} inited |com.alibaba.druid.pool.DruidDataSource:655
2018-06-22 00:25:25|main|INFO| Loaded default TestExecutionListener class names from location [META-INF/spring.factories]: [org.springframework.test.context.web.ServletTestExecutionListener, org.springframework.test.context.support.DirtiesContextBeforeModesTestExecutionListener, org.springframework.test.context.support.DependencyInjectionTestExecutionListener, org.springframework.test.context.support.DirtiesContextTestExecutionListener, org.springframework.test.context.transaction.TransactionalTestExecutionListener, org.springframework.test.context.jdbc.SqlScriptsTestExecutionListener] |org.springframework.test.context.support.DefaultTestContextBootstrapper:258
2018-06-22 00:25:25|main|INFO| Using TestExecutionListeners: [org.springframework.test.context.web.ServletTestExecutionListener@304bb45b, org.springframework.test.context.support.DirtiesContextBeforeModesTestExecutionListener@723ca036, org.springframework.test.context.support.DependencyInjectionTestExecutionListener@25be7b63, org.springframework.test.context.support.DirtiesContextTestExecutionListener@28dcca0c, org.springframework.test.context.transaction.TransactionalTestExecutionListener@45d84a20, org.springframework.test.context.jdbc.SqlScriptsTestExecutionListener@52f27fbd] |org.springframework.test.context.support.DefaultTestContextBootstrapper:185
2018-06-22 00:25:25|main|INFO| Loading XML bean definitions from class path resource [spring/applicationContext.xml] |org.springframework.beans.factory.xml.XmlBeanDefinitionReader:317
2018-06-22 00:25:31|main|INFO| Refreshing org.springframework.context.support.GenericApplicationContext@1e4f4a5c: startup date [Fri Jun 22 00:25:31 CST 2018]; root of context hierarchy |org.springframework.context.support.GenericApplicationContext:578
2018-06-22 00:25:31|main|INFO| Loading properties file from class path resource [properties/jdbc.properties] |org.springframework.context.support.PropertySourcesPlaceholderConfigurer:172
2018-06-22 00:25:32|main|INFO| {dataSource-1} inited |com.alibaba.druid.pool.DruidDataSource:655
2018-06-22 00:25:32|main|INFO| Mapped "{[/login/login]}" onto public java.util.Map<java.lang.String, java.lang.Object> com.bingo.springmvc.controller.LoginController.login(javax.servlet.http.HttpServletRequest,javax.servlet.http.HttpServletResponse) |org.springframework.web.servlet.mvc.method.annotation.RequestMappingHandlerMapping:534
2018-06-22 00:25:33|main|INFO| Looking for @ControllerAdvice: org.springframework.context.support.GenericApplicationContext@1e4f4a5c: startup date [Fri Jun 22 00:25:31 CST 2018]; root of context hierarchy |org.springframework.web.servlet.mvc.method.annotation.RequestMappingHandlerAdapter:539
2018-06-22 00:25:33|main|INFO| Looking for @ControllerAdvice: org.springframework.context.support.GenericApplicationContext@1e4f4a5c: startup date [Fri Jun 22 00:25:31 CST 2018]; root of context hierarchy |org.springframework.web.servlet.mvc.method.annotation.RequestMappingHandlerAdapter:539
2018-06-22 00:25:33|main|INFO| Mapped URL path [/images/**] onto handler 'org.springframework.web.servlet.resource.ResourceHttpRequestHandler#0' |org.springframework.web.servlet.handler.SimpleUrlHandlerMapping:341
2018-06-22 00:25:33|main|INFO| Mapped URL path [/css/**] onto handler 'org.springframework.web.servlet.resource.ResourceHttpRequestHandler#1' |org.springframework.web.servlet.handler.SimpleUrlHandlerMapping:341
2018-06-22 00:25:33|main|INFO| Mapped URL path [/js/**] onto handler 'org.springframework.web.servlet.resource.ResourceHttpRequestHandler#2' |org.springframework.web.servlet.handler.SimpleUrlHandlerMapping:341
2018-06-22 00:25:33|main|INFO| Mapped URL path [/styles/**] onto handler 'org.springframework.web.servlet.resource.ResourceHttpRequestHandler#3' |org.springframework.web.servlet.handler.SimpleUrlHandlerMapping:341
2018-06-22 00:25:33|main|INFO| Mapped URL path [/plugins/**] onto handler 'org.springframework.web.servlet.resource.ResourceHttpRequestHandler#4' |org.springframework.web.servlet.handler.SimpleUrlHandlerMapping:341
2018-06-22 00:25:33|main|INFO| Looking for @ControllerAdvice: org.springframework.context.support.GenericApplicationContext@1e4f4a5c: startup date [Fri Jun 22 00:25:31 CST 2018]; root of context hierarchy |org.springframework.web.servlet.mvc.method.annotation.RequestMappingHandlerAdapter:539
2018-06-22 00:25:33|Thread-2|INFO| Closing org.springframework.context.support.GenericApplicationContext@1e4f4a5c: startup date [Fri Jun 22 00:25:31 CST 2018]; root of context hierarchy |org.springframework.context.support.GenericApplicationContext:960
2018-06-22 00:25:33|Thread-2|INFO| {dataSource-1} closed |com.alibaba.druid.pool.DruidDataSource:1370
2018-06-22 00:26:55|main|INFO| Loaded default TestExecutionListener class names from location [META-INF/spring.factories]: [org.springframework.test.context.web.ServletTestExecutionListener, org.springframework.test.context.support.DirtiesContextBeforeModesTestExecutionListener, org.springframework.test.context.support.DependencyInjectionTestExecutionListener, org.springframework.test.context.support.DirtiesContextTestExecutionListener, org.springframework.test.context.transaction.TransactionalTestExecutionListener, org.springframework.test.context.jdbc.SqlScriptsTestExecutionListener] |org.springframework.test.context.support.DefaultTestContextBootstrapper:258
2018-06-22 00:26:55|main|INFO| Using TestExecutionListeners: [org.springframework.test.context.web.ServletTestExecutionListener@304bb45b, org.springframework.test.context.support.DirtiesContextBeforeModesTestExecutionListener@723ca036, org.springframework.test.context.support.DependencyInjectionTestExecutionListener@25be7b63, org.springframework.test.context.support.DirtiesContextTestExecutionListener@28dcca0c, org.springframework.test.context.transaction.TransactionalTestExecutionListener@45d84a20, org.springframework.test.context.jdbc.SqlScriptsTestExecutionListener@52f27fbd] |org.springframework.test.context.support.DefaultTestContextBootstrapper:185
2018-06-22 00:26:55|main|INFO| Loading XML bean definitions from class path resource [spring/applicationContext.xml] |org.springframework.beans.factory.xml.XmlBeanDefinitionReader:317
2018-06-22 00:26:58|main|INFO| Refreshing org.springframework.context.support.GenericApplicationContext@1e4f4a5c: startup date [Fri Jun 22 00:26:58 CST 2018]; root of context hierarchy |org.springframework.context.support.GenericApplicationContext:578
2018-06-22 00:26:58|main|INFO| Loading properties file from class path resource [properties/jdbc.properties] |org.springframework.context.support.PropertySourcesPlaceholderConfigurer:172
2018-06-22 00:26:59|main|INFO| {dataSource-1} inited |com.alibaba.druid.pool.DruidDataSource:655
2018-06-22 00:26:59|main|INFO| Mapped "{[/login/login]}" onto public java.util.Map<java.lang.String, java.lang.Object> com.bingo.springmvc.controller.LoginController.login(javax.servlet.http.HttpServletRequest,javax.servlet.http.HttpServletResponse) |org.springframework.web.servlet.mvc.method.annotation.RequestMappingHandlerMapping:534
2018-06-22 00:27:00|main|INFO| Looking for @ControllerAdvice: org.springframework.context.support.GenericApplicationContext@1e4f4a5c: startup date [Fri Jun 22 00:26:58 CST 2018]; root of context hierarchy |org.springframework.web.servlet.mvc.method.annotation.RequestMappingHandlerAdapter:539
2018-06-22 00:27:00|main|INFO| Looking for @ControllerAdvice: org.springframework.context.support.GenericApplicationContext@1e4f4a5c: startup date [Fri Jun 22 00:26:58 CST 2018]; root of context hierarchy |org.springframework.web.servlet.mvc.method.annotation.RequestMappingHandlerAdapter:539
2018-06-22 00:27:00|main|INFO| Mapped URL path [/images/**] onto handler 'org.springframework.web.servlet.resource.ResourceHttpRequestHandler#0' |org.springframework.web.servlet.handler.SimpleUrlHandlerMapping:341
2018-06-22 00:27:00|main|INFO| Mapped URL path [/css/**] onto handler 'org.springframework.web.servlet.resource.ResourceHttpRequestHandler#1' |org.springframework.web.servlet.handler.SimpleUrlHandlerMapping:341
2018-06-22 00:27:00|main|INFO| Mapped URL path [/js/**] onto handler 'org.springframework.web.servlet.resource.ResourceHttpRequestHandler#2' |org.springframework.web.servlet.handler.SimpleUrlHandlerMapping:341
2018-06-22 00:27:00|main|INFO| Mapped URL path [/styles/**] onto handler 'org.springframework.web.servlet.resource.ResourceHttpRequestHandler#3' |org.springframework.web.servlet.handler.SimpleUrlHandlerMapping:341
2018-06-22 00:27:00|main|INFO| Mapped URL path [/plugins/**] onto handler 'org.springframework.web.servlet.resource.ResourceHttpRequestHandler#4' |org.springframework.web.servlet.handler.SimpleUrlHandlerMapping:341
2018-06-22 00:27:00|main|INFO| Looking for @ControllerAdvice: org.springframework.context.support.GenericApplicationContext@1e4f4a5c: startup date [Fri Jun 22 00:26:58 CST 2018]; root of context hierarchy |org.springframework.web.servlet.mvc.method.annotation.RequestMappingHandlerAdapter:539
2018-06-22 00:27:00|Thread-2|INFO| Closing org.springframework.context.support.GenericApplicationContext@1e4f4a5c: startup date [Fri Jun 22 00:26:58 CST 2018]; root of context hierarchy |org.springframework.context.support.GenericApplicationContext:960
2018-06-22 00:27:00|Thread-2|INFO| {dataSource-1} closed |com.alibaba.druid.pool.DruidDataSource:1370
2018-06-22 00:27:21|main|INFO| Loaded default TestExecutionListener class names from location [META-INF/spring.factories]: [org.springframework.test.context.web.ServletTestExecutionListener, org.springframework.test.context.support.DirtiesContextBeforeModesTestExecutionListener, org.springframework.test.context.support.DependencyInjectionTestExecutionListener, org.springframework.test.context.support.DirtiesContextTestExecutionListener, org.springframework.test.context.transaction.TransactionalTestExecutionListener, org.springframework.test.context.jdbc.SqlScriptsTestExecutionListener] |org.springframework.test.context.support.DefaultTestContextBootstrapper:258
2018-06-22 00:27:21|main|INFO| Using TestExecutionListeners: [org.springframework.test.context.web.ServletTestExecutionListener@304bb45b, org.springframework.test.context.support.DirtiesContextBeforeModesTestExecutionListener@723ca036, org.springframework.test.context.support.DependencyInjectionTestExecutionListener@25be7b63, org.springframework.test.context.support.DirtiesContextTestExecutionListener@28dcca0c, org.springframework.test.context.transaction.TransactionalTestExecutionListener@45d84a20, org.springframework.test.context.jdbc.SqlScriptsTestExecutionListener@52f27fbd] |org.springframework.test.context.support.DefaultTestContextBootstrapper:185
2018-06-22 00:27:21|main|INFO| Loading XML bean definitions from class path resource [spring/applicationContext.xml] |org.springframework.beans.factory.xml.XmlBeanDefinitionReader:317
2018-06-22 00:27:25|main|INFO| Refreshing org.springframework.context.support.GenericApplicationContext@1e4f4a5c: startup date [Fri Jun 22 00:27:25 CST 2018]; root of context hierarchy |org.springframework.context.support.GenericApplicationContext:578
2018-06-22 00:27:25|main|INFO| Loading properties file from class path resource [properties/jdbc.properties] |org.springframework.context.support.PropertySourcesPlaceholderConfigurer:172
2018-06-22 00:27:25|main|INFO| {dataSource-1} inited |com.alibaba.druid.pool.DruidDataSource:655
2018-06-22 00:27:26|main|INFO| Mapped "{[/login/login]}" onto public java.util.Map<java.lang.String, java.lang.Object> com.bingo.springmvc.controller.LoginController.login(javax.servlet.http.HttpServletRequest,javax.servlet.http.HttpServletResponse) |org.springframework.web.servlet.mvc.method.annotation.RequestMappingHandlerMapping:534
2018-06-22 00:27:26|main|INFO| Looking for @ControllerAdvice: org.springframework.context.support.GenericApplicationContext@1e4f4a5c: startup date [Fri Jun 22 00:27:25 CST 2018]; root of context hierarchy |org.springframework.web.servlet.mvc.method.annotation.RequestMappingHandlerAdapter:539
2018-06-22 00:27:27|main|INFO| Looking for @ControllerAdvice: org.springframework.context.support.GenericApplicationContext@1e4f4a5c: startup date [Fri Jun 22 00:27:25 CST 2018]; root of context hierarchy |org.springframework.web.servlet.mvc.method.annotation.RequestMappingHandlerAdapter:539
2018-06-22 00:27:27|main|INFO| Mapped URL path [/images/**] onto handler 'org.springframework.web.servlet.resource.ResourceHttpRequestHandler#0' |org.springframework.web.servlet.handler.SimpleUrlHandlerMapping:341
2018-06-22 00:27:27|main|INFO| Mapped URL path [/css/**] onto handler 'org.springframework.web.servlet.resource.ResourceHttpRequestHandler#1' |org.springframework.web.servlet.handler.SimpleUrlHandlerMapping:341
2018-06-22 00:27:27|main|INFO| Mapped URL path [/js/**] onto handler 'org.springframework.web.servlet.resource.ResourceHttpRequestHandler#2' |org.springframework.web.servlet.handler.SimpleUrlHandlerMapping:341
2018-06-22 00:27:27|main|INFO| Mapped URL path [/styles/**] onto handler 'org.springframework.web.servlet.resource.ResourceHttpRequestHandler#3' |org.springframework.web.servlet.handler.SimpleUrlHandlerMapping:341
2018-06-22 00:27:27|main|INFO| Mapped URL path [/plugins/**] onto handler 'org.springframework.web.servlet.resource.ResourceHttpRequestHandler#4' |org.springframework.web.servlet.handler.SimpleUrlHandlerMapping:341
2018-06-22 00:27:27|main|INFO| Looking for @ControllerAdvice: org.springframework.context.support.GenericApplicationContext@1e4f4a5c: startup date [Fri Jun 22 00:27:25 CST 2018]; root of context hierarchy |org.springframework.web.servlet.mvc.method.annotation.RequestMappingHandlerAdapter:539
2018-06-22 00:27:27|Thread-2|INFO| Closing org.springframework.context.support.GenericApplicationContext@1e4f4a5c: startup date [Fri Jun 22 00:27:25 CST 2018]; root of context hierarchy |org.springframework.context.support.GenericApplicationContext:960
2018-06-22 00:27:27|Thread-2|INFO| {dataSource-1} closed |com.alibaba.druid.pool.DruidDataSource:1370
